<?xml version="1.0" encoding="UTF-8"?>
<testsuite xmlns:xsi="http://www.w3.org/2001/XMLSchema-instance" xsi:noNamespaceSchemaLocation="https://maven.apache.org/surefire/maven-surefire-plugin/xsd/surefire-test-report-3.0.xsd" version="3.0" name="Tests.BlackBoxTests" time="0.08" tests="4" errors="0" skipped="0" failures="0">
  <properties>
[...]
</properties>
  <testcase name="testInvalidMovement" classname="Tests.BlackBoxTests" time="0.038"/>
  <testcase name="testValidCapture" classname="Tests.BlackBoxTests" time="0.004"/>
  <testcase name="testPlayerWinning" classname="Tests.BlackBoxTests" time="0.002"/>
  <testcase name="testClickOutsideBoard" classname="Tests.BlackBoxTests" time="0.007"/>
</testsuite>